<?xml version="1.0" encoding="UTF-8"?>
<testsuite xmlns:xsi="http://www.w3.org/2001/XMLSchema-instance" xsi:noNamespaceSchemaLocation="https://maven.apache.org/surefire/maven-surefire-plugin/xsd/surefire-test-report-3.0.xsd" version="3.0" name="im.kny.DeSerializeQuarkusTest" time="0.264" tests="1" errors="0" skipped="0" failures="1">
  <properties>
    <property name="awt.toolkit" value="sun.awt.X11.XToolkit"/>
    <property name="java.specification.version" value="11"/>
    <property name="sun.cpu.isalist" value=""/>
    <property name="test.url" value="http://0.0.0.0:8081"/>
    <property name="sun.jnu.encoding" value="UTF-8"/>
    <property name="java.class.path" value="/home/kny/src/thirdparty/quarkus/quarkus-kotlin14-jackson/target/test-classes:/home/kny/src/thirdparty/quarkus/quarkus-kotlin14-jackson/target/classes:/home/kny/.m2/repository/io/quarkus/quarkus-resteasy/1.8.0.Final/quarkus-resteasy-1.8.0.Final.jar:/home/kny/.m2/repository/io/quarkus/quarkus-vertx-http/1.8.0.Final/quarkus-vertx-http-1.8.0.Final.jar:/home/kny/.m2/repository/io/quarkus/quarkus-security-runtime-spi/1.8.0.Final/quarkus-security-runtime-spi-1.8.0.Final.jar:/home/kny/.m2/repository/io/quarkus/quarkus-development-mode-spi/1.8.0.Final/quarkus-development-mode-spi-1.8.0.Final.jar:/home/kny/.m2/repository/io/quarkus/security/quarkus-security/1.1.2.Final/quarkus-security-1.1.2.Final.jar:/home/kny/.m2/repository/io/smallrye/reactive/mutiny/0.7.0/mutiny-0.7.0.jar:/home/kny/.m2/repository/org/reactivestreams/reactive-streams/1.0.3/reactive-streams-1.0.3.jar:/home/kny/.m2/repository/jakarta/enterprise/jakarta.enterprise.cdi-api/2.0.2/jakarta.enterprise.cdi-api-2.0.2.jar:/home/kny/.m2/repository/jakarta/el/jakarta.el-api/3.0.3/jakarta.el-api-3.0.3.jar:/home/kny/.m2/repository/jakarta/interceptor/jakarta.interceptor-api/1.2.5/jakarta.interceptor-api-1.2.5.jar:/home/kny/.m2/repository/io/quarkus/quarkus-vertx-core/1.8.0.Final/quarkus-vertx-core-1.8.0.Final.jar:/home/kny/.m2/repository/io/quarkus/quarkus-netty/1.8.0.Final/quarkus-netty-1.8.0.Final.jar:/home/kny/.m2/repository/io/netty/netty-codec/4.1.49.Final/netty-codec-4.1.49.Final.jar:/home/kny/.m2/repository/io/netty/netty-handler/4.1.49.Final/netty-handler-4.1.49.Final.jar:/home/kny/.m2/repository/io/vertx/vertx-core/3.9.2/vertx-core-3.9.2.jar:/home/kny/.m2/repository/io/netty/netty-common/4.1.49.Final/netty-common-4.1.49.Final.jar:/home/kny/.m2/repository/io/netty/netty-buffer/4.1.49.Final/netty-buffer-4.1.49.Final.jar:/home/kny/.m2/repository/io/netty/netty-transport/4.1.49.Final/netty-transport-4.1.49.Final.jar:/home/kny/.m2/repository/io/netty/netty-handler-proxy/4.1.49.Final/netty-handler-proxy-4.1.49.Final.jar:/home/kny/.m2/repository/io/netty/netty-codec-socks/4.1.49.Final/netty-codec-socks-4.1.49.Final.jar:/home/kny/.m2/repository/io/netty/netty-codec-http/4.1.49.Final/netty-codec-http-4.1.49.Final.jar:/home/kny/.m2/repository/io/netty/netty-codec-http2/4.1.49.Final/netty-codec-http2-4.1.49.Final.jar:/home/kny/.m2/repository/io/netty/netty-resolver/4.1.49.Final/netty-resolver-4.1.49.Final.jar:/home/kny/.m2/repository/io/netty/netty-resolver-dns/4.1.49.Final/netty-resolver-dns-4.1.49.Final.jar:/home/kny/.m2/repository/io/netty/netty-codec-dns/4.1.49.Final/netty-codec-dns-4.1.49.Final.jar:/home/kny/.m2/repository/io/vertx/vertx-web/3.9.2/vertx-web-3.9.2.jar:/home/kny/.m2/repository/io/vertx/vertx-web-common/3.9.2/vertx-web-common-3.9.2.jar:/home/kny/.m2/repository/io/vertx/vertx-auth-common/3.9.2/vertx-auth-common-3.9.2.jar:/home/kny/.m2/repository/io/vertx/vertx-bridge-common/3.9.2/vertx-bridge-common-3.9.2.jar:/home/kny/.m2/repository/io/quarkus/quarkus-resteasy-server-common/1.8.0.Final/quarkus-resteasy-server-common-1.8.0.Final.jar:/home/kny/.m2/repository/io/quarkus/quarkus-resteasy-common/1.8.0.Final/quarkus-resteasy-common-1.8.0.Final.jar:/home/kny/.m2/repository/org/jboss/resteasy/resteasy-core/4.5.6.Final/resteasy-core-4.5.6.Final.jar:/home/kny/.m2/repository/org/jboss/spec/javax/ws/rs/jboss-jaxrs-api_2.1_spec/2.0.1.Final/jboss-jaxrs-api_2.1_spec-2.0.1.Final.jar:/home/kny/.m2/repository/org/jboss/spec/javax/xml/bind/jboss-jaxb-api_2.3_spec/2.0.0.Final/jboss-jaxb-api_2.3_spec-2.0.0.Final.jar:/home/kny/.m2/repository/org/jboss/resteasy/resteasy-core-spi/4.5.6.Final/resteasy-core-spi-4.5.6.Final.jar:/home/kny/.m2/repository/com/ibm/async/asyncutil/0.1.0/asyncutil-0.1.0.jar:/home/kny/.m2/repository/org/eclipse/microprofile/config/microprofile-config-api/1.4/microprofile-config-api-1.4.jar:/home/kny/.m2/repository/com/sun/activation/jakarta.activation/1.2.1/jakarta.activation-1.2.1.jar:/home/kny/.m2/repository/jakarta/validation/jakarta.validation-api/2.0.2/jakarta.validation-api-2.0.2.jar:/home/kny/.m2/repository/io/quarkus/quarkus-junit5/1.8.0.Final/quarkus-junit5-1.8.0.Final.jar:/home/kny/.m2/repository/io/quarkus/quarkus-bootstrap-core/1.8.0.Final/quarkus-bootstrap-core-1.8.0.Final.jar:/home/kny/.m2/repository/io/quarkus/quarkus-bootstrap-app-model/1.8.0.Final/quarkus-bootstrap-app-model-1.8.0.Final.jar:/home/kny/.m2/repository/io/quarkus/quarkus-bootstrap-maven-resolver/1.8.0.Final/quarkus-bootstrap-maven-resolver-1.8.0.Final.jar:/home/kny/.m2/repository/org/apache/maven/maven-embedder/3.6.3/maven-embedder-3.6.3.jar:/home/kny/.m2/repository/org/apache/maven/maven-settings/3.6.3/maven-settings-3.6.3.jar:/home/kny/.m2/repository/org/apache/maven/maven-core/3.6.3/maven-core-3.6.3.jar:/home/kny/.m2/repository/org/apache/maven/maven-artifact/3.6.3/maven-artifact-3.6.3.jar:/home/kny/.m2/repository/org/codehaus/plexus/plexus-component-annotations/2.1.0/plexus-component-annotations-2.1.0.jar:/home/kny/.m2/repository/org/apache/maven/maven-plugin-api/3.6.3/maven-plugin-api-3.6.3.jar:/home/kny/.m2/repository/org/apache/maven/maven-model/3.6.3/maven-model-3.6.3.jar:/home/kny/.m2/repository/org/apache/maven/maven-model-builder/3.6.3/maven-model-builder-3.6.3.jar:/home/kny/.m2/repository/org/apache/maven/maven-builder-support/3.6.3/maven-builder-support-3.6.3.jar:/home/kny/.m2/repository/org/apache/maven/resolver/maven-resolver-api/1.4.1/maven-resolver-api-1.4.1.jar:/home/kny/.m2/repository/org/apache/maven/resolver/maven-resolver-util/1.4.1/maven-resolver-util-1.4.1.jar:/home/kny/.m2/repository/org/apache/maven/shared/maven-shared-utils/3.2.1/maven-shared-utils-3.2.1.jar:/home/kny/.m2/repository/commons-io/commons-io/2.7/commons-io-2.7.jar:/home/kny/.m2/repository/com/google/inject/guice/4.2.1/guice-4.2.1-no_aop.jar:/home/kny/.m2/repository/com/google/guava/guava/29.0-jre/guava-29.0-jre.jar:/home/kny/.m2/repository/com/google/guava/failureaccess/1.0.1/failureaccess-1.0.1.jar:/home/kny/.m2/repository/com/google/guava/listenablefuture/9999.0-empty-to-avoid-conflict-with-guava/listenablefuture-9999.0-empty-to-avoid-conflict-with-guava.jar:/home/kny/.m2/repository/org/codehaus/plexus/plexus-utils/3.2.1/plexus-utils-3.2.1.jar:/home/kny/.m2/repository/org/codehaus/plexus/plexus-classworlds/2.6.0/plexus-classworlds-2.6.0.jar:/home/kny/.m2/repository/commons-cli/commons-cli/1.4/commons-cli-1.4.jar:/home/kny/.m2/repository/org/eclipse/sisu/org.eclipse.sisu.plexus/0.3.4/org.eclipse.sisu.plexus-0.3.4.jar:/home/kny/.m2/repository/org/apache/maven/maven-settings-builder/3.6.3/maven-settings-builder-3.6.3.jar:/home/kny/.m2/repository/org/codehaus/plexus/plexus-interpolation/1.25/plexus-interpolation-1.25.jar:/home/kny/.m2/repository/org/sonatype/plexus/plexus-sec-dispatcher/1.4/plexus-sec-dispatcher-1.4.jar:/home/kny/.m2/repository/org/sonatype/plexus/plexus-cipher/1.4/plexus-cipher-1.4.jar:/home/kny/.m2/repository/org/apache/maven/maven-resolver-provider/3.6.3/maven-resolver-provider-3.6.3.jar:/home/kny/.m2/repository/org/apache/maven/maven-repository-metadata/3.6.3/maven-repository-metadata-3.6.3.jar:/home/kny/.m2/repository/org/apache/maven/resolver/maven-resolver-spi/1.4.1/maven-resolver-spi-1.4.1.jar:/home/kny/.m2/repository/org/apache/maven/resolver/maven-resolver-impl/1.4.1/maven-resolver-impl-1.4.1.jar:/home/kny/.m2/repository/org/apache/maven/resolver/maven-resolver-connector-basic/1.4.1/maven-resolver-connector-basic-1.4.1.jar:/home/kny/.m2/repository/org/apache/maven/resolver/maven-resolver-transport-wagon/1.4.1/maven-resolver-transport-wagon-1.4.1.jar:/home/kny/.m2/repository/org/apache/maven/wagon/wagon-http/3.3.4/wagon-http-3.3.4.jar:/home/kny/.m2/repository/org/apache/maven/wagon/wagon-http-shared/3.3.4/wagon-http-shared-3.3.4.jar:/home/kny/.m2/repository/org/jsoup/jsoup/1.12.1/jsoup-1.12.1.jar:/home/kny/.m2/repository/org/apache/maven/wagon/wagon-provider-api/3.3.4/wagon-provider-api-3.3.4.jar:/home/kny/.m2/repository/org/apache/maven/wagon/wagon-file/3.3.4/wagon-file-3.3.4.jar:/home/kny/.m2/repository/io/quarkus/quarkus-bootstrap-gradle-resolver/1.8.0.Final/quarkus-bootstrap-gradle-resolver-1.8.0.Final.jar:/home/kny/.m2/repository/io/smallrye/common/smallrye-common-io/1.3.0/smallrye-common-io-1.3.0.jar:/home/kny/.m2/repository/org/eclipse/sisu/org.eclipse.sisu.inject/0.3.4/org.eclipse.sisu.inject-0.3.4.jar:/home/kny/.m2/repository/io/quarkus/quarkus-test-common/1.8.0.Final/quarkus-test-common-1.8.0.Final.jar:/home/kny/.m2/repository/io/quarkus/quarkus-core-deployment/1.8.0.Final/quarkus-core-deployment-1.8.0.Final.jar:/home/kny/.m2/repository/io/quarkus/gizmo/gizmo/1.0.4.Final/gizmo-1.0.4.Final.jar:/home/kny/.m2/repository/org/ow2/asm/asm-util/8.0.1/asm-util-8.0.1.jar:/home/kny/.m2/repository/org/ow2/asm/asm-tree/8.0.1/asm-tree-8.0.1.jar:/home/kny/.m2/repository/org/ow2/asm/asm-analysis/8.0.1/asm-analysis-8.0.1.jar:/home/kny/.m2/repository/org/ow2/asm/asm/8.0.1/asm-8.0.1.jar:/home/kny/.m2/repository/io/quarkus/quarkus-devtools-utilities/1.8.0.Final/quarkus-devtools-utilities-1.8.0.Final.jar:/home/kny/.m2/repository/io/quarkus/quarkus-builder/1.8.0.Final/quarkus-builder-1.8.0.Final.jar:/home/kny/.m2/repository/io/quarkus/quarkus-jsonp-deployment/1.8.0.Final/quarkus-jsonp-deployment-1.8.0.Final.jar:/home/kny/.m2/repository/io/quarkus/quarkus-jsonp/1.8.0.Final/quarkus-jsonp-1.8.0.Final.jar:/home/kny/.m2/repository/org/glassfish/jakarta.json/1.1.6/jakarta.json-1.1.6.jar:/home/kny/.m2/repository/org/jboss/jandex/2.2.1.Final/jandex-2.2.1.Final.jar:/home/kny/.m2/repository/org/jboss/logging/commons-logging-jboss-logging/1.0.0.Final/commons-logging-jboss-logging-1.0.0.Final.jar:/home/kny/.m2/repository/org/junit/jupiter/junit-jupiter/5.6.2/junit-jupiter-5.6.2.jar:/home/kny/.m2/repository/org/junit/jupiter/junit-jupiter-api/5.6.2/junit-jupiter-api-5.6.2.jar:/home/kny/.m2/repository/org/apiguardian/apiguardian-api/1.1.0/apiguardian-api-1.1.0.jar:/home/kny/.m2/repository/org/opentest4j/opentest4j/1.2.0/opentest4j-1.2.0.jar:/home/kny/.m2/repository/org/junit/platform/junit-platform-commons/1.6.2/junit-platform-commons-1.6.2.jar:/home/kny/.m2/repository/org/junit/jupiter/junit-jupiter-params/5.6.2/junit-jupiter-params-5.6.2.jar:/home/kny/.m2/repository/org/junit/jupiter/junit-jupiter-engine/5.6.2/junit-jupiter-engine-5.6.2.jar:/home/kny/.m2/repository/org/junit/platform/junit-platform-engine/1.6.2/junit-platform-engine-1.6.2.jar:/home/kny/.m2/repository/io/quarkus/quarkus-core/1.8.0.Final/quarkus-core-1.8.0.Final.jar:/home/kny/.m2/repository/jakarta/annotation/jakarta.annotation-api/1.3.5/jakarta.annotation-api-1.3.5.jar:/home/kny/.m2/repository/jakarta/inject/jakarta.inject-api/1.0/jakarta.inject-api-1.0.jar:/home/kny/.m2/repository/io/quarkus/quarkus-ide-launcher/1.8.0.Final/quarkus-ide-launcher-1.8.0.Final.jar:/home/kny/.m2/repository/io/smallrye/config/smallrye-config/1.8.6/smallrye-config-1.8.6.jar:/home/kny/.m2/repository/io/smallrye/common/smallrye-common-annotation/1.3.0/smallrye-common-annotation-1.3.0.jar:/home/kny/.m2/repository/io/smallrye/config/smallrye-config-common/1.8.6/smallrye-config-common-1.8.6.jar:/home/kny/.m2/repository/io/smallrye/common/smallrye-common-expression/1.1.0/smallrye-common-expression-1.1.0.jar:/home/kny/.m2/repository/io/smallrye/common/smallrye-common-function/1.1.0/smallrye-common-function-1.1.0.jar:/home/kny/.m2/repository/io/smallrye/common/smallrye-common-constraint/1.1.0/smallrye-common-constraint-1.1.0.jar:/home/kny/.m2/repository/org/jboss/logging/jboss-logging/3.3.2.Final/jboss-logging-3.3.2.Final.jar:/home/kny/.m2/repository/org/jboss/logmanager/jboss-logmanager-embedded/1.0.4/jboss-logmanager-embedded-1.0.4.jar:/home/kny/.m2/repository/org/jboss/logging/jboss-logging-annotations/2.1.0.Final/jboss-logging-annotations-2.1.0.Final.jar:/home/kny/.m2/repository/org/jboss/threads/jboss-threads/3.1.1.Final/jboss-threads-3.1.1.Final.jar:/home/kny/.m2/repository/org/slf4j/slf4j-api/1.7.30/slf4j-api-1.7.30.jar:/home/kny/.m2/repository/org/jboss/slf4j/slf4j-jboss-logging/1.2.0.Final/slf4j-jboss-logging-1.2.0.Final.jar:/home/kny/.m2/repository/org/graalvm/sdk/graal-sdk/20.2.0/graal-sdk-20.2.0.jar:/home/kny/.m2/repository/org/wildfly/common/wildfly-common/1.5.4.Final-format-001/wildfly-common-1.5.4.Final-format-001.jar:/home/kny/.m2/repository/io/quarkus/quarkus-bootstrap-runner/1.8.0.Final/quarkus-bootstrap-runner-1.8.0.Final.jar:/home/kny/.m2/repository/com/thoughtworks/xstream/xstream/1.4.13/xstream-1.4.13.jar:/home/kny/.m2/repository/xmlpull/xmlpull/1.1.3.1/xmlpull-1.1.3.1.jar:/home/kny/.m2/repository/xpp3/xpp3_min/1.1.4c/xpp3_min-1.1.4c.jar:/home/kny/.m2/repository/io/rest-assured/kotlin-extensions/4.3.0/kotlin-extensions-4.3.0.jar:/home/kny/.m2/repository/io/rest-assured/rest-assured/4.3.0/rest-assured-4.3.0.jar:/home/kny/.m2/repository/org/codehaus/groovy/groovy/3.0.2/groovy-3.0.2.jar:/home/kny/.m2/repository/org/codehaus/groovy/groovy-xml/3.0.2/groovy-xml-3.0.2.jar:/home/kny/.m2/repository/org/apache/httpcomponents/httpclient/4.5.12/httpclient-4.5.12.jar:/home/kny/.m2/repository/org/apache/httpcomponents/httpcore/4.4.13/httpcore-4.4.13.jar:/home/kny/.m2/repository/commons-codec/commons-codec/1.14/commons-codec-1.14.jar:/home/kny/.m2/repository/org/apache/httpcomponents/httpmime/4.5.3/httpmime-4.5.3.jar:/home/kny/.m2/repository/org/hamcrest/hamcrest/2.1/hamcrest-2.1.jar:/home/kny/.m2/repository/org/ccil/cowan/tagsoup/tagsoup/1.2.1/tagsoup-1.2.1.jar:/home/kny/.m2/repository/io/rest-assured/json-path/4.3.0/json-path-4.3.0.jar:/home/kny/.m2/repository/org/codehaus/groovy/groovy-json/3.0.2/groovy-json-3.0.2.jar:/home/kny/.m2/repository/io/rest-assured/rest-assured-common/4.3.0/rest-assured-common-4.3.0.jar:/home/kny/.m2/repository/io/rest-assured/xml-path/4.3.0/xml-path-4.3.0.jar:/home/kny/.m2/repository/org/apache/commons/commons-lang3/3.9/commons-lang3-3.9.jar:/home/kny/.m2/repository/jakarta/xml/bind/jakarta.xml.bind-api/2.3.2/jakarta.xml.bind-api-2.3.2.jar:/home/kny/.m2/repository/jakarta/activation/jakarta.activation-api/1.2.1/jakarta.activation-api-1.2.1.jar:/home/kny/.m2/repository/org/apache/sling/org.apache.sling.javax.activation/0.1.0/org.apache.sling.javax.activation-0.1.0.jar:/home/kny/.m2/repository/io/quarkus/quarkus-kotlin/1.8.0.Final/quarkus-kotlin-1.8.0.Final.jar:/home/kny/.m2/repository/org/jetbrains/kotlin/kotlin-reflect/1.4.10/kotlin-reflect-1.4.10.jar:/home/kny/.m2/repository/org/jetbrains/kotlin/kotlin-stdlib/1.4.10/kotlin-stdlib-1.4.10.jar:/home/kny/.m2/repository/org/jetbrains/annotations/13.0/annotations-13.0.jar:/home/kny/.m2/repository/org/jetbrains/kotlin/kotlin-stdlib-jdk8/1.4.10/kotlin-stdlib-jdk8-1.4.10.jar:/home/kny/.m2/repository/org/jetbrains/kotlin/kotlin-stdlib-jdk7/1.4.10/kotlin-stdlib-jdk7-1.4.10.jar:/home/kny/.m2/repository/org/jetbrains/kotlin/kotlin-stdlib-common/1.4.10/kotlin-stdlib-common-1.4.10.jar:/home/kny/.m2/repository/io/quarkus/quarkus-jackson/1.8.0.Final/quarkus-jackson-1.8.0.Final.jar:/home/kny/.m2/repository/com/fasterxml/jackson/core/jackson-databind/2.11.2/jackson-databind-2.11.2.jar:/home/kny/.m2/repository/com/fasterxml/jackson/core/jackson-core/2.11.2/jackson-core-2.11.2.jar:/home/kny/.m2/repository/com/fasterxml/jackson/datatype/jackson-datatype-jsr310/2.11.2/jackson-datatype-jsr310-2.11.2.jar:/home/kny/.m2/repository/com/fasterxml/jackson/datatype/jackson-datatype-jdk8/2.11.2/jackson-datatype-jdk8-2.11.2.jar:/home/kny/.m2/repository/com/fasterxml/jackson/module/jackson-module-parameter-names/2.11.2/jackson-module-parameter-names-2.11.2.jar:/home/kny/.m2/repository/io/quarkus/quarkus-arc/1.8.0.Final/quarkus-arc-1.8.0.Final.jar:/home/kny/.m2/repository/io/quarkus/arc/arc/1.8.0.Final/arc-1.8.0.Final.jar:/home/kny/.m2/repository/jakarta/transaction/jakarta.transaction-api/1.3.3/jakarta.transaction-api-1.3.3.jar:/home/kny/.m2/repository/org/eclipse/microprofile/context-propagation/microprofile-context-propagation-api/1.0.1/microprofile-context-propagation-api-1.0.1.jar:/home/kny/.m2/repository/com/fasterxml/jackson/module/jackson-module-kotlin/2.11.2/jackson-module-kotlin-2.11.2.jar:/home/kny/.m2/repository/com/fasterxml/jackson/core/jackson-annotations/2.11.2/jackson-annotations-2.11.2.jar:"/>
    <property name="java.vm.vendor" value="Red Hat, Inc."/>
    <property name="sun.arch.data.model" value="64"/>
    <property name="java.vendor.url" value="https://www.redhat.com/"/>
    <property name="user.timezone" value="Europe/Oslo"/>
    <property name="java.vm.specification.version" value="11"/>
    <property name="os.name" value="Linux"/>
    <property name="user.country" value="GB"/>
    <property name="sun.java.launcher" value="SUN_STANDARD"/>
    <property name="sun.boot.library.path" value="/usr/lib/jvm/java-11-openjdk-11.0.8.10-2.fc32.x86_64/lib"/>
    <property name="sun.java.command" value="/home/kny/src/thirdparty/quarkus/quarkus-kotlin14-jackson/target/surefire/surefirebooter10105059892796668582.jar /home/kny/src/thirdparty/quarkus/quarkus-kotlin14-jackson/target/surefire 2020-09-10T08-18-15_689-jvmRun1 surefire13617293616241195394tmp surefire_08159711238743550880tmp"/>
    <property name="jdk.debug" value="release"/>
    <property name="maven.home" value="/home/kny/opt/apache-maven"/>
    <property name="surefire.test.class.path" value="/home/kny/src/thirdparty/quarkus/quarkus-kotlin14-jackson/target/test-classes:/home/kny/src/thirdparty/quarkus/quarkus-kotlin14-jackson/target/classes:/home/kny/.m2/repository/io/quarkus/quarkus-resteasy/1.8.0.Final/quarkus-resteasy-1.8.0.Final.jar:/home/kny/.m2/repository/io/quarkus/quarkus-vertx-http/1.8.0.Final/quarkus-vertx-http-1.8.0.Final.jar:/home/kny/.m2/repository/io/quarkus/quarkus-security-runtime-spi/1.8.0.Final/quarkus-security-runtime-spi-1.8.0.Final.jar:/home/kny/.m2/repository/io/quarkus/quarkus-development-mode-spi/1.8.0.Final/quarkus-development-mode-spi-1.8.0.Final.jar:/home/kny/.m2/repository/io/quarkus/security/quarkus-security/1.1.2.Final/quarkus-security-1.1.2.Final.jar:/home/kny/.m2/repository/io/smallrye/reactive/mutiny/0.7.0/mutiny-0.7.0.jar:/home/kny/.m2/repository/org/reactivestreams/reactive-streams/1.0.3/reactive-streams-1.0.3.jar:/home/kny/.m2/repository/jakarta/enterprise/jakarta.enterprise.cdi-api/2.0.2/jakarta.enterprise.cdi-api-2.0.2.jar:/home/kny/.m2/repository/jakarta/el/jakarta.el-api/3.0.3/jakarta.el-api-3.0.3.jar:/home/kny/.m2/repository/jakarta/interceptor/jakarta.interceptor-api/1.2.5/jakarta.interceptor-api-1.2.5.jar:/home/kny/.m2/repository/io/quarkus/quarkus-vertx-core/1.8.0.Final/quarkus-vertx-core-1.8.0.Final.jar:/home/kny/.m2/repository/io/quarkus/quarkus-netty/1.8.0.Final/quarkus-netty-1.8.0.Final.jar:/home/kny/.m2/repository/io/netty/netty-codec/4.1.49.Final/netty-codec-4.1.49.Final.jar:/home/kny/.m2/repository/io/netty/netty-handler/4.1.49.Final/netty-handler-4.1.49.Final.jar:/home/kny/.m2/repository/io/vertx/vertx-core/3.9.2/vertx-core-3.9.2.jar:/home/kny/.m2/repository/io/netty/netty-common/4.1.49.Final/netty-common-4.1.49.Final.jar:/home/kny/.m2/repository/io/netty/netty-buffer/4.1.49.Final/netty-buffer-4.1.49.Final.jar:/home/kny/.m2/repository/io/netty/netty-transport/4.1.49.Final/netty-transport-4.1.49.Final.jar:/home/kny/.m2/repository/io/netty/netty-handler-proxy/4.1.49.Final/netty-handler-proxy-4.1.49.Final.jar:/home/kny/.m2/repository/io/netty/netty-codec-socks/4.1.49.Final/netty-codec-socks-4.1.49.Final.jar:/home/kny/.m2/repository/io/netty/netty-codec-http/4.1.49.Final/netty-codec-http-4.1.49.Final.jar:/home/kny/.m2/repository/io/netty/netty-codec-http2/4.1.49.Final/netty-codec-http2-4.1.49.Final.jar:/home/kny/.m2/repository/io/netty/netty-resolver/4.1.49.Final/netty-resolver-4.1.49.Final.jar:/home/kny/.m2/repository/io/netty/netty-resolver-dns/4.1.49.Final/netty-resolver-dns-4.1.49.Final.jar:/home/kny/.m2/repository/io/netty/netty-codec-dns/4.1.49.Final/netty-codec-dns-4.1.49.Final.jar:/home/kny/.m2/repository/io/vertx/vertx-web/3.9.2/vertx-web-3.9.2.jar:/home/kny/.m2/repository/io/vertx/vertx-web-common/3.9.2/vertx-web-common-3.9.2.jar:/home/kny/.m2/repository/io/vertx/vertx-auth-common/3.9.2/vertx-auth-common-3.9.2.jar:/home/kny/.m2/repository/io/vertx/vertx-bridge-common/3.9.2/vertx-bridge-common-3.9.2.jar:/home/kny/.m2/repository/io/quarkus/quarkus-resteasy-server-common/1.8.0.Final/quarkus-resteasy-server-common-1.8.0.Final.jar:/home/kny/.m2/repository/io/quarkus/quarkus-resteasy-common/1.8.0.Final/quarkus-resteasy-common-1.8.0.Final.jar:/home/kny/.m2/repository/org/jboss/resteasy/resteasy-core/4.5.6.Final/resteasy-core-4.5.6.Final.jar:/home/kny/.m2/repository/org/jboss/spec/javax/ws/rs/jboss-jaxrs-api_2.1_spec/2.0.1.Final/jboss-jaxrs-api_2.1_spec-2.0.1.Final.jar:/home/kny/.m2/repository/org/jboss/spec/javax/xml/bind/jboss-jaxb-api_2.3_spec/2.0.0.Final/jboss-jaxb-api_2.3_spec-2.0.0.Final.jar:/home/kny/.m2/repository/org/jboss/resteasy/resteasy-core-spi/4.5.6.Final/resteasy-core-spi-4.5.6.Final.jar:/home/kny/.m2/repository/com/ibm/async/asyncutil/0.1.0/asyncutil-0.1.0.jar:/home/kny/.m2/repository/org/eclipse/microprofile/config/microprofile-config-api/1.4/microprofile-config-api-1.4.jar:/home/kny/.m2/repository/com/sun/activation/jakarta.activation/1.2.1/jakarta.activation-1.2.1.jar:/home/kny/.m2/repository/jakarta/validation/jakarta.validation-api/2.0.2/jakarta.validation-api-2.0.2.jar:/home/kny/.m2/repository/io/quarkus/quarkus-junit5/1.8.0.Final/quarkus-junit5-1.8.0.Final.jar:/home/kny/.m2/repository/io/quarkus/quarkus-bootstrap-core/1.8.0.Final/quarkus-bootstrap-core-1.8.0.Final.jar:/home/kny/.m2/repository/io/quarkus/quarkus-bootstrap-app-model/1.8.0.Final/quarkus-bootstrap-app-model-1.8.0.Final.jar:/home/kny/.m2/repository/io/quarkus/quarkus-bootstrap-maven-resolver/1.8.0.Final/quarkus-bootstrap-maven-resolver-1.8.0.Final.jar:/home/kny/.m2/repository/org/apache/maven/maven-embedder/3.6.3/maven-embedder-3.6.3.jar:/home/kny/.m2/repository/org/apache/maven/maven-settings/3.6.3/maven-settings-3.6.3.jar:/home/kny/.m2/repository/org/apache/maven/maven-core/3.6.3/maven-core-3.6.3.jar:/home/kny/.m2/repository/org/apache/maven/maven-artifact/3.6.3/maven-artifact-3.6.3.jar:/home/kny/.m2/repository/org/codehaus/plexus/plexus-component-annotations/2.1.0/plexus-component-annotations-2.1.0.jar:/home/kny/.m2/repository/org/apache/maven/maven-plugin-api/3.6.3/maven-plugin-api-3.6.3.jar:/home/kny/.m2/repository/org/apache/maven/maven-model/3.6.3/maven-model-3.6.3.jar:/home/kny/.m2/repository/org/apache/maven/maven-model-builder/3.6.3/maven-model-builder-3.6.3.jar:/home/kny/.m2/repository/org/apache/maven/maven-builder-support/3.6.3/maven-builder-support-3.6.3.jar:/home/kny/.m2/repository/org/apache/maven/resolver/maven-resolver-api/1.4.1/maven-resolver-api-1.4.1.jar:/home/kny/.m2/repository/org/apache/maven/resolver/maven-resolver-util/1.4.1/maven-resolver-util-1.4.1.jar:/home/kny/.m2/repository/org/apache/maven/shared/maven-shared-utils/3.2.1/maven-shared-utils-3.2.1.jar:/home/kny/.m2/repository/commons-io/commons-io/2.7/commons-io-2.7.jar:/home/kny/.m2/repository/com/google/inject/guice/4.2.1/guice-4.2.1-no_aop.jar:/home/kny/.m2/repository/com/google/guava/guava/29.0-jre/guava-29.0-jre.jar:/home/kny/.m2/repository/com/google/guava/failureaccess/1.0.1/failureaccess-1.0.1.jar:/home/kny/.m2/repository/com/google/guava/listenablefuture/9999.0-empty-to-avoid-conflict-with-guava/listenablefuture-9999.0-empty-to-avoid-conflict-with-guava.jar:/home/kny/.m2/repository/org/codehaus/plexus/plexus-utils/3.2.1/plexus-utils-3.2.1.jar:/home/kny/.m2/repository/org/codehaus/plexus/plexus-classworlds/2.6.0/plexus-classworlds-2.6.0.jar:/home/kny/.m2/repository/commons-cli/commons-cli/1.4/commons-cli-1.4.jar:/home/kny/.m2/repository/org/eclipse/sisu/org.eclipse.sisu.plexus/0.3.4/org.eclipse.sisu.plexus-0.3.4.jar:/home/kny/.m2/repository/org/apache/maven/maven-settings-builder/3.6.3/maven-settings-builder-3.6.3.jar:/home/kny/.m2/repository/org/codehaus/plexus/plexus-interpolation/1.25/plexus-interpolation-1.25.jar:/home/kny/.m2/repository/org/sonatype/plexus/plexus-sec-dispatcher/1.4/plexus-sec-dispatcher-1.4.jar:/home/kny/.m2/repository/org/sonatype/plexus/plexus-cipher/1.4/plexus-cipher-1.4.jar:/home/kny/.m2/repository/org/apache/maven/maven-resolver-provider/3.6.3/maven-resolver-provider-3.6.3.jar:/home/kny/.m2/repository/org/apache/maven/maven-repository-metadata/3.6.3/maven-repository-metadata-3.6.3.jar:/home/kny/.m2/repository/org/apache/maven/resolver/maven-resolver-spi/1.4.1/maven-resolver-spi-1.4.1.jar:/home/kny/.m2/repository/org/apache/maven/resolver/maven-resolver-impl/1.4.1/maven-resolver-impl-1.4.1.jar:/home/kny/.m2/repository/org/apache/maven/resolver/maven-resolver-connector-basic/1.4.1/maven-resolver-connector-basic-1.4.1.jar:/home/kny/.m2/repository/org/apache/maven/resolver/maven-resolver-transport-wagon/1.4.1/maven-resolver-transport-wagon-1.4.1.jar:/home/kny/.m2/repository/org/apache/maven/wagon/wagon-http/3.3.4/wagon-http-3.3.4.jar:/home/kny/.m2/repository/org/apache/maven/wagon/wagon-http-shared/3.3.4/wagon-http-shared-3.3.4.jar:/home/kny/.m2/repository/org/jsoup/jsoup/1.12.1/jsoup-1.12.1.jar:/home/kny/.m2/repository/org/apache/maven/wagon/wagon-provider-api/3.3.4/wagon-provider-api-3.3.4.jar:/home/kny/.m2/repository/org/apache/maven/wagon/wagon-file/3.3.4/wagon-file-3.3.4.jar:/home/kny/.m2/repository/io/quarkus/quarkus-bootstrap-gradle-resolver/1.8.0.Final/quarkus-bootstrap-gradle-resolver-1.8.0.Final.jar:/home/kny/.m2/repository/io/smallrye/common/smallrye-common-io/1.3.0/smallrye-common-io-1.3.0.jar:/home/kny/.m2/repository/org/eclipse/sisu/org.eclipse.sisu.inject/0.3.4/org.eclipse.sisu.inject-0.3.4.jar:/home/kny/.m2/repository/io/quarkus/quarkus-test-common/1.8.0.Final/quarkus-test-common-1.8.0.Final.jar:/home/kny/.m2/repository/io/quarkus/quarkus-core-deployment/1.8.0.Final/quarkus-core-deployment-1.8.0.Final.jar:/home/kny/.m2/repository/io/quarkus/gizmo/gizmo/1.0.4.Final/gizmo-1.0.4.Final.jar:/home/kny/.m2/repository/org/ow2/asm/asm-util/8.0.1/asm-util-8.0.1.jar:/home/kny/.m2/repository/org/ow2/asm/asm-tree/8.0.1/asm-tree-8.0.1.jar:/home/kny/.m2/repository/org/ow2/asm/asm-analysis/8.0.1/asm-analysis-8.0.1.jar:/home/kny/.m2/repository/org/ow2/asm/asm/8.0.1/asm-8.0.1.jar:/home/kny/.m2/repository/io/quarkus/quarkus-devtools-utilities/1.8.0.Final/quarkus-devtools-utilities-1.8.0.Final.jar:/home/kny/.m2/repository/io/quarkus/quarkus-builder/1.8.0.Final/quarkus-builder-1.8.0.Final.jar:/home/kny/.m2/repository/io/quarkus/quarkus-jsonp-deployment/1.8.0.Final/quarkus-jsonp-deployment-1.8.0.Final.jar:/home/kny/.m2/repository/io/quarkus/quarkus-jsonp/1.8.0.Final/quarkus-jsonp-1.8.0.Final.jar:/home/kny/.m2/repository/org/glassfish/jakarta.json/1.1.6/jakarta.json-1.1.6.jar:/home/kny/.m2/repository/org/jboss/jandex/2.2.1.Final/jandex-2.2.1.Final.jar:/home/kny/.m2/repository/org/jboss/logging/commons-logging-jboss-logging/1.0.0.Final/commons-logging-jboss-logging-1.0.0.Final.jar:/home/kny/.m2/repository/org/junit/jupiter/junit-jupiter/5.6.2/junit-jupiter-5.6.2.jar:/home/kny/.m2/repository/org/junit/jupiter/junit-jupiter-api/5.6.2/junit-jupiter-api-5.6.2.jar:/home/kny/.m2/repository/org/apiguardian/apiguardian-api/1.1.0/apiguardian-api-1.1.0.jar:/home/kny/.m2/repository/org/opentest4j/opentest4j/1.2.0/opentest4j-1.2.0.jar:/home/kny/.m2/repository/org/junit/platform/junit-platform-commons/1.6.2/junit-platform-commons-1.6.2.jar:/home/kny/.m2/repository/org/junit/jupiter/junit-jupiter-params/5.6.2/junit-jupiter-params-5.6.2.jar:/home/kny/.m2/repository/org/junit/jupiter/junit-jupiter-engine/5.6.2/junit-jupiter-engine-5.6.2.jar:/home/kny/.m2/repository/org/junit/platform/junit-platform-engine/1.6.2/junit-platform-engine-1.6.2.jar:/home/kny/.m2/repository/io/quarkus/quarkus-core/1.8.0.Final/quarkus-core-1.8.0.Final.jar:/home/kny/.m2/repository/jakarta/annotation/jakarta.annotation-api/1.3.5/jakarta.annotation-api-1.3.5.jar:/home/kny/.m2/repository/jakarta/inject/jakarta.inject-api/1.0/jakarta.inject-api-1.0.jar:/home/kny/.m2/repository/io/quarkus/quarkus-ide-launcher/1.8.0.Final/quarkus-ide-launcher-1.8.0.Final.jar:/home/kny/.m2/repository/io/smallrye/config/smallrye-config/1.8.6/smallrye-config-1.8.6.jar:/home/kny/.m2/repository/io/smallrye/common/smallrye-common-annotation/1.3.0/smallrye-common-annotation-1.3.0.jar:/home/kny/.m2/repository/io/smallrye/config/smallrye-config-common/1.8.6/smallrye-config-common-1.8.6.jar:/home/kny/.m2/repository/io/smallrye/common/smallrye-common-expression/1.1.0/smallrye-common-expression-1.1.0.jar:/home/kny/.m2/repository/io/smallrye/common/smallrye-common-function/1.1.0/smallrye-common-function-1.1.0.jar:/home/kny/.m2/repository/io/smallrye/common/smallrye-common-constraint/1.1.0/smallrye-common-constraint-1.1.0.jar:/home/kny/.m2/repository/org/jboss/logging/jboss-logging/3.3.2.Final/jboss-logging-3.3.2.Final.jar:/home/kny/.m2/repository/org/jboss/logmanager/jboss-logmanager-embedded/1.0.4/jboss-logmanager-embedded-1.0.4.jar:/home/kny/.m2/repository/org/jboss/logging/jboss-logging-annotations/2.1.0.Final/jboss-logging-annotations-2.1.0.Final.jar:/home/kny/.m2/repository/org/jboss/threads/jboss-threads/3.1.1.Final/jboss-threads-3.1.1.Final.jar:/home/kny/.m2/repository/org/slf4j/slf4j-api/1.7.30/slf4j-api-1.7.30.jar:/home/kny/.m2/repository/org/jboss/slf4j/slf4j-jboss-logging/1.2.0.Final/slf4j-jboss-logging-1.2.0.Final.jar:/home/kny/.m2/repository/org/graalvm/sdk/graal-sdk/20.2.0/graal-sdk-20.2.0.jar:/home/kny/.m2/repository/org/wildfly/common/wildfly-common/1.5.4.Final-format-001/wildfly-common-1.5.4.Final-format-001.jar:/home/kny/.m2/repository/io/quarkus/quarkus-bootstrap-runner/1.8.0.Final/quarkus-bootstrap-runner-1.8.0.Final.jar:/home/kny/.m2/repository/com/thoughtworks/xstream/xstream/1.4.13/xstream-1.4.13.jar:/home/kny/.m2/repository/xmlpull/xmlpull/1.1.3.1/xmlpull-1.1.3.1.jar:/home/kny/.m2/repository/xpp3/xpp3_min/1.1.4c/xpp3_min-1.1.4c.jar:/home/kny/.m2/repository/io/rest-assured/kotlin-extensions/4.3.0/kotlin-extensions-4.3.0.jar:/home/kny/.m2/repository/io/rest-assured/rest-assured/4.3.0/rest-assured-4.3.0.jar:/home/kny/.m2/repository/org/codehaus/groovy/groovy/3.0.2/groovy-3.0.2.jar:/home/kny/.m2/repository/org/codehaus/groovy/groovy-xml/3.0.2/groovy-xml-3.0.2.jar:/home/kny/.m2/repository/org/apache/httpcomponents/httpclient/4.5.12/httpclient-4.5.12.jar:/home/kny/.m2/repository/org/apache/httpcomponents/httpcore/4.4.13/httpcore-4.4.13.jar:/home/kny/.m2/repository/commons-codec/commons-codec/1.14/commons-codec-1.14.jar:/home/kny/.m2/repository/org/apache/httpcomponents/httpmime/4.5.3/httpmime-4.5.3.jar:/home/kny/.m2/repository/org/hamcrest/hamcrest/2.1/hamcrest-2.1.jar:/home/kny/.m2/repository/org/ccil/cowan/tagsoup/tagsoup/1.2.1/tagsoup-1.2.1.jar:/home/kny/.m2/repository/io/rest-assured/json-path/4.3.0/json-path-4.3.0.jar:/home/kny/.m2/repository/org/codehaus/groovy/groovy-json/3.0.2/groovy-json-3.0.2.jar:/home/kny/.m2/repository/io/rest-assured/rest-assured-common/4.3.0/rest-assured-common-4.3.0.jar:/home/kny/.m2/repository/io/rest-assured/xml-path/4.3.0/xml-path-4.3.0.jar:/home/kny/.m2/repository/org/apache/commons/commons-lang3/3.9/commons-lang3-3.9.jar:/home/kny/.m2/repository/jakarta/xml/bind/jakarta.xml.bind-api/2.3.2/jakarta.xml.bind-api-2.3.2.jar:/home/kny/.m2/repository/jakarta/activation/jakarta.activation-api/1.2.1/jakarta.activation-api-1.2.1.jar:/home/kny/.m2/repository/org/apache/sling/org.apache.sling.javax.activation/0.1.0/org.apache.sling.javax.activation-0.1.0.jar:/home/kny/.m2/repository/io/quarkus/quarkus-kotlin/1.8.0.Final/quarkus-kotlin-1.8.0.Final.jar:/home/kny/.m2/repository/org/jetbrains/kotlin/kotlin-reflect/1.4.10/kotlin-reflect-1.4.10.jar:/home/kny/.m2/repository/org/jetbrains/kotlin/kotlin-stdlib/1.4.10/kotlin-stdlib-1.4.10.jar:/home/kny/.m2/repository/org/jetbrains/annotations/13.0/annotations-13.0.jar:/home/kny/.m2/repository/org/jetbrains/kotlin/kotlin-stdlib-jdk8/1.4.10/kotlin-stdlib-jdk8-1.4.10.jar:/home/kny/.m2/repository/org/jetbrains/kotlin/kotlin-stdlib-jdk7/1.4.10/kotlin-stdlib-jdk7-1.4.10.jar:/home/kny/.m2/repository/org/jetbrains/kotlin/kotlin-stdlib-common/1.4.10/kotlin-stdlib-common-1.4.10.jar:/home/kny/.m2/repository/io/quarkus/quarkus-jackson/1.8.0.Final/quarkus-jackson-1.8.0.Final.jar:/home/kny/.m2/repository/com/fasterxml/jackson/core/jackson-databind/2.11.2/jackson-databind-2.11.2.jar:/home/kny/.m2/repository/com/fasterxml/jackson/core/jackson-core/2.11.2/jackson-core-2.11.2.jar:/home/kny/.m2/repository/com/fasterxml/jackson/datatype/jackson-datatype-jsr310/2.11.2/jackson-datatype-jsr310-2.11.2.jar:/home/kny/.m2/repository/com/fasterxml/jackson/datatype/jackson-datatype-jdk8/2.11.2/jackson-datatype-jdk8-2.11.2.jar:/home/kny/.m2/repository/com/fasterxml/jackson/module/jackson-module-parameter-names/2.11.2/jackson-module-parameter-names-2.11.2.jar:/home/kny/.m2/repository/io/quarkus/quarkus-arc/1.8.0.Final/quarkus-arc-1.8.0.Final.jar:/home/kny/.m2/repository/io/quarkus/arc/arc/1.8.0.Final/arc-1.8.0.Final.jar:/home/kny/.m2/repository/jakarta/transaction/jakarta.transaction-api/1.3.3/jakarta.transaction-api-1.3.3.jar:/home/kny/.m2/repository/org/eclipse/microprofile/context-propagation/microprofile-context-propagation-api/1.0.1/microprofile-context-propagation-api-1.0.1.jar:/home/kny/.m2/repository/com/fasterxml/jackson/module/jackson-module-kotlin/2.11.2/jackson-module-kotlin-2.11.2.jar:/home/kny/.m2/repository/com/fasterxml/jackson/core/jackson-annotations/2.11.2/jackson-annotations-2.11.2.jar:"/>
    <property name="sun.cpu.endian" value="little"/>
    <property name="user.home" value="/home/kny"/>
    <property name="user.language" value="en"/>
    <property name="java.specification.vendor" value="Oracle Corporation"/>
    <property name="io.netty.allocator.maxOrder" value="1"/>
    <property name="java.version.date" value="2020-07-14"/>
    <property name="java.home" value="/usr/lib/jvm/java-11-openjdk-11.0.8.10-2.fc32.x86_64"/>
    <property name="file.separator" value="/"/>
    <property name="basedir" value="/home/kny/src/thirdparty/quarkus/quarkus-kotlin14-jackson"/>
    <property name="java.vm.compressedOopsMode" value="Zero based"/>
    <property name="line.separator" value="&#10;"/>
    <property name="java.specification.name" value="Java Platform API Specification"/>
    <property name="java.vm.specification.vendor" value="Oracle Corporation"/>
    <property name="java.awt.graphicsenv" value="sun.awt.X11GraphicsEnvironment"/>
    <property name="surefire.real.class.path" value="/home/kny/src/thirdparty/quarkus/quarkus-kotlin14-jackson/target/surefire/surefirebooter10105059892796668582.jar"/>
    <property name="sun.management.compiler" value="HotSpot 64-Bit Tiered Compilers"/>
    <property name="java.runtime.version" value="11.0.8+10"/>
    <property name="user.name" value="kny"/>
    <property name="path.separator" value=":"/>
    <property name="os.version" value="5.8.6-201.fc32.x86_64"/>
    <property name="java.runtime.name" value="OpenJDK Runtime Environment"/>
    <property name="file.encoding" value="UTF-8"/>
    <property name="sun.nio.ch.bugLevel" value=""/>
    <property name="java.vm.name" value="OpenJDK 64-Bit Server VM"/>
    <property name="java.vendor.version" value="18.9"/>
    <property name="io.netty.noJdkZlibDecoder" value="false"/>
    <property name="localRepository" value="/home/kny/.m2/repository"/>
    <property name="java.vendor.url.bug" value="https://bugzilla.redhat.com/enter_bug.cgi?product=Fedora&amp;component=java-11-openjdk&amp;version=32"/>
    <property name="java.io.tmpdir" value="/tmp"/>
    <property name="quarkus.log.file.path" value="target/quarkus.log"/>
    <property name="java.version" value="11.0.8"/>
    <property name="user.dir" value="/home/kny/src/thirdparty/quarkus/quarkus-kotlin14-jackson"/>
    <property name="os.arch" value="amd64"/>
    <property name="java.vm.specification.name" value="Java Virtual Machine Specification"/>
    <property name="vertx.disableDnsResolver" value="true"/>
    <property name="java.awt.printerjob" value="sun.print.PSPrinterJob"/>
    <property name="sun.os.patch.level" value="unknown"/>
    <property name="java.util.logging.manager" value="org.jboss.logmanager.LogManager"/>
    <property name="java.library.path" value="/usr/java/packages/lib:/usr/lib64:/lib64:/lib:/usr/lib"/>
    <property name="java.vm.info" value="mixed mode, sharing"/>
    <property name="java.vendor" value="Red Hat, Inc."/>
    <property name="java.vm.version" value="11.0.8+10"/>
    <property name="sun.io.unicode.encoding" value="UnicodeLittle"/>
    <property name="io.netty.machineId" value="a6:16:76:19:4c:07:39:6e"/>
    <property name="java.class.version" value="55.0"/>
  </properties>
  <testcase name="quarkusFail" classname="im.kny.DeSerializeQuarkusTest" time="0.26">
    <failure type="java.lang.AssertionError"><![CDATA[java.lang.AssertionError: Built-in class kotlin.Any is not found
	at im.kny.DeSerializeQuarkusTest.quarkusFail(DeSerializeQuarkusTest.kt:16)
]]></failure>
  </testcase>
</testsuite>